<?xml version="1.0" encoding="UTF-8"?>
<testng-results ignored="0" total="11" passed="5" failed="6" skipped="0">
  <reporter-output>
  </reporter-output>
  <suite started-at="2020-07-29T11:44:17 EET" name="Default suite" finished-at="2020-07-29T11:46:29 EET" duration-ms="131778">
    <groups>
    </groups>
    <test started-at="2020-07-29T11:44:17 EET" name="Default test" finished-at="2020-07-29T11:46:29 EET" duration-ms="131778">
      <class name="tests.RegisterTest">
        <test-method is-config="true" signature="startDriver(java.lang.String)[pri:0, instance:tests.RegisterTest@63a65a25]" started-at="2020-07-29T11:44:11 EET" name="startDriver" finished-at="2020-07-29T11:44:17 EET" duration-ms="6257" status="PASS">
          <params>
            <param index="0">
              <value>
                <![CDATA[chrome]]>
              </value>
            </param>
          </params>
          <reporter-output>
          </reporter-output>
        </test-method> <!-- startDriver -->
        <test-method is-config="true" signature="navigateToURL()[pri:0, instance:tests.RegisterTest@63a65a25]" started-at="2020-07-29T11:44:18 EET" name="navigateToURL" finished-at="2020-07-29T11:44:23 EET" duration-ms="4707" status="PASS">
          <reporter-output>
          </reporter-output>
        </test-method> <!-- navigateToURL -->
        <test-method signature="registration(java.lang.String, java.lang.String, java.lang.String, java.lang.String, java.lang.String, java.lang.String, java.lang.String)[pri:0, instance:tests.RegisterTest@63a65a25]" started-at="2020-07-29T11:44:23 EET" name="registration" data-provider="excelData" finished-at="2020-07-29T11:44:32 EET" duration-ms="8825" status="PASS">
          <params>
            <param index="0">
              <value>
                <![CDATA[Test]]>
              </value>
            </param>
            <param index="1">
              <value>
                <![CDATA[User]]>
              </value>
            </param>
            <param index="2">
              <value>
                <![CDATA[1234567.0]]>
              </value>
            </param>
            <param index="3">
              <value>
                <![CDATA[user500@test.com]]>
              </value>
            </param>
            <param index="4">
              <value>
                <![CDATA[Abcdefgh]]>
              </value>
            </param>
            <param index="5">
              <value>
                <![CDATA[Abcdefgh]]>
              </value>
            </param>
            <param index="6">
              <value>
                <![CDATA[pass]]>
              </value>
            </param>
          </params>
          <reporter-output>
          </reporter-output>
        </test-method> <!-- registration -->
        <test-method is-config="true" signature="logout()[pri:0, instance:tests.RegisterTest@63a65a25]" started-at="2020-07-29T11:44:32 EET" name="logout" finished-at="2020-07-29T11:44:35 EET" duration-ms="2705" status="PASS">
          <reporter-output>
          </reporter-output>
        </test-method> <!-- logout -->
        <test-method is-config="true" signature="screenshootOnFailure(org.testng.ITestResult)[pri:0, instance:tests.RegisterTest@63a65a25]" started-at="2020-07-29T11:44:35 EET" name="screenshootOnFailure" finished-at="2020-07-29T11:44:35 EET" duration-ms="1" status="PASS">
          <params>
            <param index="0">
              <value>
                <![CDATA[[TestResult name=registration status=SUCCESS method=RegisterTest.registration(java.lang.String, java.lang.String, java.lang.String, java.lang.String, java.lang.String, java.lang.String, java.lang.String)[pri:0, instance:tests.RegisterTest@63a65a25] output={null}]]]>
              </value>
            </param>
          </params>
          <reporter-output>
          </reporter-output>
        </test-method> <!-- screenshootOnFailure -->
        <test-method is-config="true" signature="navigateToURL()[pri:0, instance:tests.RegisterTest@63a65a25]" started-at="2020-07-29T11:44:35 EET" name="navigateToURL" finished-at="2020-07-29T11:44:36 EET" duration-ms="1522" status="PASS">
          <reporter-output>
          </reporter-output>
        </test-method> <!-- navigateToURL -->
        <test-method signature="registration(java.lang.String, java.lang.String, java.lang.String, java.lang.String, java.lang.String, java.lang.String, java.lang.String)[pri:0, instance:tests.RegisterTest@63a65a25]" started-at="2020-07-29T11:44:36 EET" name="registration" data-provider="excelData" finished-at="2020-07-29T11:44:48 EET" duration-ms="11828" status="PASS">
          <params>
            <param index="0">
              <value>
                <![CDATA[Test]]>
              </value>
            </param>
            <param index="1">
              <value>
                <![CDATA[User]]>
              </value>
            </param>
            <param index="2">
              <value>
                <![CDATA[1234567.0]]>
              </value>
            </param>
            <param index="3">
              <value>
                <![CDATA[user500@test.com]]>
              </value>
            </param>
            <param index="4">
              <value>
                <![CDATA[Abcdefgh]]>
              </value>
            </param>
            <param index="5">
              <value>
                <![CDATA[Abcdefgh]]>
              </value>
            </param>
            <param index="6">
              <value>
                <![CDATA[fail]]>
              </value>
            </param>
          </params>
          <reporter-output>
          </reporter-output>
        </test-method> <!-- registration -->
        <test-method is-config="true" signature="logout()[pri:0, instance:tests.RegisterTest@63a65a25]" started-at="2020-07-29T11:44:48 EET" name="logout" finished-at="2020-07-29T11:44:50 EET" duration-ms="2581" status="PASS">
          <reporter-output>
          </reporter-output>
        </test-method> <!-- logout -->
        <test-method is-config="true" signature="screenshootOnFailure(org.testng.ITestResult)[pri:0, instance:tests.RegisterTest@63a65a25]" started-at="2020-07-29T11:44:50 EET" name="screenshootOnFailure" finished-at="2020-07-29T11:44:50 EET" duration-ms="1" status="PASS">
          <params>
            <param index="0">
              <value>
                <![CDATA[[TestResult name=registration status=SUCCESS method=RegisterTest.registration(java.lang.String, java.lang.String, java.lang.String, java.lang.String, java.lang.String, java.lang.String, java.lang.String)[pri:0, instance:tests.RegisterTest@63a65a25] output={null}]]]>
              </value>
            </param>
          </params>
          <reporter-output>
          </reporter-output>
        </test-method> <!-- screenshootOnFailure -->
        <test-method is-config="true" signature="navigateToURL()[pri:0, instance:tests.RegisterTest@63a65a25]" started-at="2020-07-29T11:44:50 EET" name="navigateToURL" finished-at="2020-07-29T11:44:52 EET" duration-ms="1844" status="PASS">
          <reporter-output>
          </reporter-output>
        </test-method> <!-- navigateToURL -->
        <test-method signature="registration(java.lang.String, java.lang.String, java.lang.String, java.lang.String, java.lang.String, java.lang.String, java.lang.String)[pri:0, instance:tests.RegisterTest@63a65a25]" started-at="2020-07-29T11:44:52 EET" name="registration" data-provider="excelData" finished-at="2020-07-29T11:44:56 EET" duration-ms="3313" status="FAIL">
          <params>
            <param index="0">
              <value>
                <![CDATA[test]]>
              </value>
            </param>
            <param index="1">
              <value>
                <![CDATA[User]]>
              </value>
            </param>
            <param index="2">
              <value>
                <![CDATA[1234567.0]]>
              </value>
            </param>
            <param index="3">
              <value>
                <![CDATA[user501@test.com]]>
              </value>
            </param>
            <param index="4">
              <value>
                <![CDATA[Abcdefgh]]>
              </value>
            </param>
            <param index="5">
              <value>
                <![CDATA[Abcdefgh]]>
              </value>
            </param>
            <param index="6">
              <value>
                <![CDATA[fail]]>
              </value>
            </param>
          </params>
          <exception class="java.lang.AssertionError">
            <message>
              <![CDATA[expected [https://www.phptravels.net/register] but found [https://www.phptravels.net/account/]]]>
            </message>
            <full-stacktrace>
              <![CDATA[java.lang.AssertionError: expected [https://www.phptravels.net/register] but found [https://www.phptravels.net/account/]
at org.testng.Assert.fail(Assert.java:97)
at org.testng.Assert.assertEqualsImpl(Assert.java:136)
at org.testng.Assert.assertEquals(Assert.java:118)
at org.testng.Assert.assertEquals(Assert.java:575)
at org.testng.Assert.assertEquals(Assert.java:585)
at tests.RegisterTest.registration(RegisterTest.java:74)
at java.base/jdk.internal.reflect.NativeMethodAccessorImpl.invoke0(Native Method)
at java.base/jdk.internal.reflect.NativeMethodAccessorImpl.invoke(NativeMethodAccessorImpl.java:62)
at java.base/jdk.internal.reflect.DelegatingMethodAccessorImpl.invoke(DelegatingMethodAccessorImpl.java:43)
at java.base/java.lang.reflect.Method.invoke(Method.java:564)
at org.testng.internal.MethodInvocationHelper.invokeMethod(MethodInvocationHelper.java:134)
at org.testng.internal.TestInvoker.invokeMethod(TestInvoker.java:597)
at org.testng.internal.TestInvoker.invokeTestMethod(TestInvoker.java:173)
at org.testng.internal.MethodRunner.runInSequence(MethodRunner.java:46)
at org.testng.internal.TestInvoker$MethodInvocationAgent.invoke(TestInvoker.java:816)
at org.testng.internal.TestInvoker.invokeTestMethods(TestInvoker.java:146)
at org.testng.internal.TestMethodWorker.invokeTestMethods(TestMethodWorker.java:146)
at org.testng.internal.TestMethodWorker.run(TestMethodWorker.java:128)
at java.base/java.util.ArrayList.forEach(ArrayList.java:1510)
at org.testng.TestRunner.privateRun(TestRunner.java:766)
at org.testng.TestRunner.run(TestRunner.java:587)
at org.testng.SuiteRunner.runTest(SuiteRunner.java:384)
at org.testng.SuiteRunner.runSequentially(SuiteRunner.java:378)
at org.testng.SuiteRunner.privateRun(SuiteRunner.java:337)
at org.testng.SuiteRunner.run(SuiteRunner.java:286)
at org.testng.SuiteRunnerWorker.runSuite(SuiteRunnerWorker.java:53)
at org.testng.SuiteRunnerWorker.run(SuiteRunnerWorker.java:96)
at org.testng.TestNG.runSuitesSequentially(TestNG.java:1187)
at org.testng.TestNG.runSuitesLocally(TestNG.java:1109)
at org.testng.TestNG.runSuites(TestNG.java:1039)
at org.testng.TestNG.run(TestNG.java:1007)
at org.testng.remote.AbstractRemoteTestNG.run(AbstractRemoteTestNG.java:115)
at org.testng.remote.RemoteTestNG.initAndRun(RemoteTestNG.java:251)
at org.testng.remote.RemoteTestNG.main(RemoteTestNG.java:77)
]]>
            </full-stacktrace>
          </exception> <!-- java.lang.AssertionError -->
          <reporter-output>
          </reporter-output>
        </test-method> <!-- registration -->
        <test-method is-config="true" signature="logout()[pri:0, instance:tests.RegisterTest@63a65a25]" started-at="2020-07-29T11:44:56 EET" name="logout" finished-at="2020-07-29T11:44:58 EET" duration-ms="2689" status="PASS">
          <reporter-output>
          </reporter-output>
        </test-method> <!-- logout -->
        <test-method is-config="true" signature="screenshootOnFailure(org.testng.ITestResult)[pri:0, instance:tests.RegisterTest@63a65a25]" started-at="2020-07-29T11:44:58 EET" name="screenshootOnFailure" finished-at="2020-07-29T11:44:59 EET" duration-ms="406" status="PASS">
          <params>
            <param index="0">
              <value>
                <![CDATA[[TestResult name=registration status=FAILURE method=RegisterTest.registration(java.lang.String, java.lang.String, java.lang.String, java.lang.String, java.lang.String, java.lang.String, java.lang.String)[pri:0, instance:tests.RegisterTest@63a65a25] output={null}]]]>
              </value>
            </param>
          </params>
          <reporter-output>
          </reporter-output>
        </test-method> <!-- screenshootOnFailure -->
        <test-method is-config="true" signature="navigateToURL()[pri:0, instance:tests.RegisterTest@63a65a25]" started-at="2020-07-29T11:44:59 EET" name="navigateToURL" finished-at="2020-07-29T11:45:01 EET" duration-ms="1862" status="PASS">
          <reporter-output>
          </reporter-output>
        </test-method> <!-- navigateToURL -->
        <test-method signature="registration(java.lang.String, java.lang.String, java.lang.String, java.lang.String, java.lang.String, java.lang.String, java.lang.String)[pri:0, instance:tests.RegisterTest@63a65a25]" started-at="2020-07-29T11:45:01 EET" name="registration" data-provider="excelData" finished-at="2020-07-29T11:45:04 EET" duration-ms="3400" status="FAIL">
          <params>
            <param index="0">
              <value>
                <![CDATA[Test]]>
              </value>
            </param>
            <param index="1">
              <value>
                <![CDATA[user]]>
              </value>
            </param>
            <param index="2">
              <value>
                <![CDATA[1234567.0]]>
              </value>
            </param>
            <param index="3">
              <value>
                <![CDATA[user502@test.com]]>
              </value>
            </param>
            <param index="4">
              <value>
                <![CDATA[Abcdefgh]]>
              </value>
            </param>
            <param index="5">
              <value>
                <![CDATA[Abcdefgh]]>
              </value>
            </param>
            <param index="6">
              <value>
                <![CDATA[fail]]>
              </value>
            </param>
          </params>
          <exception class="java.lang.AssertionError">
            <message>
              <![CDATA[expected [https://www.phptravels.net/register] but found [https://www.phptravels.net/account/]]]>
            </message>
            <full-stacktrace>
              <![CDATA[java.lang.AssertionError: expected [https://www.phptravels.net/register] but found [https://www.phptravels.net/account/]
at org.testng.Assert.fail(Assert.java:97)
at org.testng.Assert.assertEqualsImpl(Assert.java:136)
at org.testng.Assert.assertEquals(Assert.java:118)
at org.testng.Assert.assertEquals(Assert.java:575)
at org.testng.Assert.assertEquals(Assert.java:585)
at tests.RegisterTest.registration(RegisterTest.java:74)
at java.base/jdk.internal.reflect.NativeMethodAccessorImpl.invoke0(Native Method)
at java.base/jdk.internal.reflect.NativeMethodAccessorImpl.invoke(NativeMethodAccessorImpl.java:62)
at java.base/jdk.internal.reflect.DelegatingMethodAccessorImpl.invoke(DelegatingMethodAccessorImpl.java:43)
at java.base/java.lang.reflect.Method.invoke(Method.java:564)
at org.testng.internal.MethodInvocationHelper.invokeMethod(MethodInvocationHelper.java:134)
at org.testng.internal.TestInvoker.invokeMethod(TestInvoker.java:597)
at org.testng.internal.TestInvoker.invokeTestMethod(TestInvoker.java:173)
at org.testng.internal.MethodRunner.runInSequence(MethodRunner.java:46)
at org.testng.internal.TestInvoker$MethodInvocationAgent.invoke(TestInvoker.java:816)
at org.testng.internal.TestInvoker.invokeTestMethods(TestInvoker.java:146)
at org.testng.internal.TestMethodWorker.invokeTestMethods(TestMethodWorker.java:146)
at org.testng.internal.TestMethodWorker.run(TestMethodWorker.java:128)
at java.base/java.util.ArrayList.forEach(ArrayList.java:1510)
at org.testng.TestRunner.privateRun(TestRunner.java:766)
at org.testng.TestRunner.run(TestRunner.java:587)
at org.testng.SuiteRunner.runTest(SuiteRunner.java:384)
at org.testng.SuiteRunner.runSequentially(SuiteRunner.java:378)
at org.testng.SuiteRunner.privateRun(SuiteRunner.java:337)
at org.testng.SuiteRunner.run(SuiteRunner.java:286)
at org.testng.SuiteRunnerWorker.runSuite(SuiteRunnerWorker.java:53)
at org.testng.SuiteRunnerWorker.run(SuiteRunnerWorker.java:96)
at org.testng.TestNG.runSuitesSequentially(TestNG.java:1187)
at org.testng.TestNG.runSuitesLocally(TestNG.java:1109)
at org.testng.TestNG.runSuites(TestNG.java:1039)
at org.testng.TestNG.run(TestNG.java:1007)
at org.testng.remote.AbstractRemoteTestNG.run(AbstractRemoteTestNG.java:115)
at org.testng.remote.RemoteTestNG.initAndRun(RemoteTestNG.java:251)
at org.testng.remote.RemoteTestNG.main(RemoteTestNG.java:77)
]]>
            </full-stacktrace>
          </exception> <!-- java.lang.AssertionError -->
          <reporter-output>
          </reporter-output>
        </test-method> <!-- registration -->
        <test-method is-config="true" signature="logout()[pri:0, instance:tests.RegisterTest@63a65a25]" started-at="2020-07-29T11:45:04 EET" name="logout" finished-at="2020-07-29T11:45:07 EET" duration-ms="2877" status="PASS">
          <reporter-output>
          </reporter-output>
        </test-method> <!-- logout -->
        <test-method is-config="true" signature="screenshootOnFailure(org.testng.ITestResult)[pri:0, instance:tests.RegisterTest@63a65a25]" started-at="2020-07-29T11:45:07 EET" name="screenshootOnFailure" finished-at="2020-07-29T11:45:07 EET" duration-ms="410" status="PASS">
          <params>
            <param index="0">
              <value>
                <![CDATA[[TestResult name=registration status=FAILURE method=RegisterTest.registration(java.lang.String, java.lang.String, java.lang.String, java.lang.String, java.lang.String, java.lang.String, java.lang.String)[pri:0, instance:tests.RegisterTest@63a65a25] output={null}]]]>
              </value>
            </param>
          </params>
          <reporter-output>
          </reporter-output>
        </test-method> <!-- screenshootOnFailure -->
        <test-method is-config="true" signature="navigateToURL()[pri:0, instance:tests.RegisterTest@63a65a25]" started-at="2020-07-29T11:45:07 EET" name="navigateToURL" finished-at="2020-07-29T11:45:09 EET" duration-ms="1599" status="PASS">
          <reporter-output>
          </reporter-output>
        </test-method> <!-- navigateToURL -->
        <test-method signature="registration(java.lang.String, java.lang.String, java.lang.String, java.lang.String, java.lang.String, java.lang.String, java.lang.String)[pri:0, instance:tests.RegisterTest@63a65a25]" started-at="2020-07-29T11:45:09 EET" name="registration" data-provider="excelData" finished-at="2020-07-29T11:45:12 EET" duration-ms="2965" status="FAIL">
          <params>
            <param index="0">
              <value>
                <![CDATA[Test]]>
              </value>
            </param>
            <param index="1">
              <value>
                <![CDATA[Test]]>
              </value>
            </param>
            <param index="2">
              <value>
                <![CDATA[1234567.0]]>
              </value>
            </param>
            <param index="3">
              <value>
                <![CDATA[user503@test.com]]>
              </value>
            </param>
            <param index="4">
              <value>
                <![CDATA[Abcdefgh]]>
              </value>
            </param>
            <param index="5">
              <value>
                <![CDATA[Abcdefgh]]>
              </value>
            </param>
            <param index="6">
              <value>
                <![CDATA[fail]]>
              </value>
            </param>
          </params>
          <exception class="java.lang.AssertionError">
            <message>
              <![CDATA[expected [https://www.phptravels.net/register] but found [https://www.phptravels.net/account/]]]>
            </message>
            <full-stacktrace>
              <![CDATA[java.lang.AssertionError: expected [https://www.phptravels.net/register] but found [https://www.phptravels.net/account/]
at org.testng.Assert.fail(Assert.java:97)
at org.testng.Assert.assertEqualsImpl(Assert.java:136)
at org.testng.Assert.assertEquals(Assert.java:118)
at org.testng.Assert.assertEquals(Assert.java:575)
at org.testng.Assert.assertEquals(Assert.java:585)
at tests.RegisterTest.registration(RegisterTest.java:74)
at java.base/jdk.internal.reflect.NativeMethodAccessorImpl.invoke0(Native Method)
at java.base/jdk.internal.reflect.NativeMethodAccessorImpl.invoke(NativeMethodAccessorImpl.java:62)
at java.base/jdk.internal.reflect.DelegatingMethodAccessorImpl.invoke(DelegatingMethodAccessorImpl.java:43)
at java.base/java.lang.reflect.Method.invoke(Method.java:564)
at org.testng.internal.MethodInvocationHelper.invokeMethod(MethodInvocationHelper.java:134)
at org.testng.internal.TestInvoker.invokeMethod(TestInvoker.java:597)
at org.testng.internal.TestInvoker.invokeTestMethod(TestInvoker.java:173)
at org.testng.internal.MethodRunner.runInSequence(MethodRunner.java:46)
at org.testng.internal.TestInvoker$MethodInvocationAgent.invoke(TestInvoker.java:816)
at org.testng.internal.TestInvoker.invokeTestMethods(TestInvoker.java:146)
at org.testng.internal.TestMethodWorker.invokeTestMethods(TestMethodWorker.java:146)
at org.testng.internal.TestMethodWorker.run(TestMethodWorker.java:128)
at java.base/java.util.ArrayList.forEach(ArrayList.java:1510)
at org.testng.TestRunner.privateRun(TestRunner.java:766)
at org.testng.TestRunner.run(TestRunner.java:587)
at org.testng.SuiteRunner.runTest(SuiteRunner.java:384)
at org.testng.SuiteRunner.runSequentially(SuiteRunner.java:378)
at org.testng.SuiteRunner.privateRun(SuiteRunner.java:337)
at org.testng.SuiteRunner.run(SuiteRunner.java:286)
at org.testng.SuiteRunnerWorker.runSuite(SuiteRunnerWorker.java:53)
at org.testng.SuiteRunnerWorker.run(SuiteRunnerWorker.java:96)
at org.testng.TestNG.runSuitesSequentially(TestNG.java:1187)
at org.testng.TestNG.runSuitesLocally(TestNG.java:1109)
at org.testng.TestNG.runSuites(TestNG.java:1039)
at org.testng.TestNG.run(TestNG.java:1007)
at org.testng.remote.AbstractRemoteTestNG.run(AbstractRemoteTestNG.java:115)
at org.testng.remote.RemoteTestNG.initAndRun(RemoteTestNG.java:251)
at org.testng.remote.RemoteTestNG.main(RemoteTestNG.java:77)
]]>
            </full-stacktrace>
          </exception> <!-- java.lang.AssertionError -->
          <reporter-output>
          </reporter-output>
        </test-method> <!-- registration -->
        <test-method is-config="true" signature="logout()[pri:0, instance:tests.RegisterTest@63a65a25]" started-at="2020-07-29T11:45:12 EET" name="logout" finished-at="2020-07-29T11:45:15 EET" duration-ms="2711" status="PASS">
          <reporter-output>
          </reporter-output>
        </test-method> <!-- logout -->
        <test-method is-config="true" signature="screenshootOnFailure(org.testng.ITestResult)[pri:0, instance:tests.RegisterTest@63a65a25]" started-at="2020-07-29T11:45:15 EET" name="screenshootOnFailure" finished-at="2020-07-29T11:45:15 EET" duration-ms="405" status="PASS">
          <params>
            <param index="0">
              <value>
                <![CDATA[[TestResult name=registration status=FAILURE method=RegisterTest.registration(java.lang.String, java.lang.String, java.lang.String, java.lang.String, java.lang.String, java.lang.String, java.lang.String)[pri:0, instance:tests.RegisterTest@63a65a25] output={null}]]]>
              </value>
            </param>
          </params>
          <reporter-output>
          </reporter-output>
        </test-method> <!-- screenshootOnFailure -->
        <test-method is-config="true" signature="navigateToURL()[pri:0, instance:tests.RegisterTest@63a65a25]" started-at="2020-07-29T11:45:15 EET" name="navigateToURL" finished-at="2020-07-29T11:45:17 EET" duration-ms="2156" status="PASS">
          <reporter-output>
          </reporter-output>
        </test-method> <!-- navigateToURL -->
        <test-method signature="registration(java.lang.String, java.lang.String, java.lang.String, java.lang.String, java.lang.String, java.lang.String, java.lang.String)[pri:0, instance:tests.RegisterTest@63a65a25]" started-at="2020-07-29T11:45:17 EET" name="registration" data-provider="excelData" finished-at="2020-07-29T11:45:29 EET" duration-ms="11572" status="PASS">
          <params>
            <param index="0">
              <value>
                <![CDATA[Test]]>
              </value>
            </param>
            <param index="1">
              <value>
                <![CDATA[User]]>
              </value>
            </param>
            <param index="2">
              <value>
                <![CDATA[1234567.0]]>
              </value>
            </param>
            <param index="3">
              <value>
                <![CDATA[user504.com]]>
              </value>
            </param>
            <param index="4">
              <value>
                <![CDATA[Abcdefgh]]>
              </value>
            </param>
            <param index="5">
              <value>
                <![CDATA[Abcdefgh]]>
              </value>
            </param>
            <param index="6">
              <value>
                <![CDATA[fail]]>
              </value>
            </param>
          </params>
          <reporter-output>
          </reporter-output>
        </test-method> <!-- registration -->
        <test-method is-config="true" signature="logout()[pri:0, instance:tests.RegisterTest@63a65a25]" started-at="2020-07-29T11:45:29 EET" name="logout" finished-at="2020-07-29T11:45:31 EET" duration-ms="2303" status="PASS">
          <reporter-output>
          </reporter-output>
        </test-method> <!-- logout -->
        <test-method is-config="true" signature="screenshootOnFailure(org.testng.ITestResult)[pri:0, instance:tests.RegisterTest@63a65a25]" started-at="2020-07-29T11:45:31 EET" name="screenshootOnFailure" finished-at="2020-07-29T11:45:31 EET" duration-ms="0" status="PASS">
          <params>
            <param index="0">
              <value>
                <![CDATA[[TestResult name=registration status=SUCCESS method=RegisterTest.registration(java.lang.String, java.lang.String, java.lang.String, java.lang.String, java.lang.String, java.lang.String, java.lang.String)[pri:0, instance:tests.RegisterTest@63a65a25] output={null}]]]>
              </value>
            </param>
          </params>
          <reporter-output>
          </reporter-output>
        </test-method> <!-- screenshootOnFailure -->
        <test-method is-config="true" signature="navigateToURL()[pri:0, instance:tests.RegisterTest@63a65a25]" started-at="2020-07-29T11:45:31 EET" name="navigateToURL" finished-at="2020-07-29T11:45:33 EET" duration-ms="1856" status="PASS">
          <reporter-output>
          </reporter-output>
        </test-method> <!-- navigateToURL -->
        <test-method signature="registration(java.lang.String, java.lang.String, java.lang.String, java.lang.String, java.lang.String, java.lang.String, java.lang.String)[pri:0, instance:tests.RegisterTest@63a65a25]" started-at="2020-07-29T11:45:33 EET" name="registration" data-provider="excelData" finished-at="2020-07-29T11:45:36 EET" duration-ms="3657" status="FAIL">
          <params>
            <param index="0">
              <value>
                <![CDATA[Test]]>
              </value>
            </param>
            <param index="1">
              <value>
                <![CDATA[User]]>
              </value>
            </param>
            <param index="2">
              <value>
                <![CDATA[1234567.0]]>
              </value>
            </param>
            <param index="3">
              <value>
                <![CDATA[user505@test.com]]>
              </value>
            </param>
            <param index="4">
              <value>
                <![CDATA[ABCDEFGH]]>
              </value>
            </param>
            <param index="5">
              <value>
                <![CDATA[ABCDEFGH]]>
              </value>
            </param>
            <param index="6">
              <value>
                <![CDATA[fail]]>
              </value>
            </param>
          </params>
          <exception class="java.lang.AssertionError">
            <message>
              <![CDATA[expected [https://www.phptravels.net/register] but found [https://www.phptravels.net/account/]]]>
            </message>
            <full-stacktrace>
              <![CDATA[java.lang.AssertionError: expected [https://www.phptravels.net/register] but found [https://www.phptravels.net/account/]
at org.testng.Assert.fail(Assert.java:97)
at org.testng.Assert.assertEqualsImpl(Assert.java:136)
at org.testng.Assert.assertEquals(Assert.java:118)
at org.testng.Assert.assertEquals(Assert.java:575)
at org.testng.Assert.assertEquals(Assert.java:585)
at tests.RegisterTest.registration(RegisterTest.java:74)
at java.base/jdk.internal.reflect.NativeMethodAccessorImpl.invoke0(Native Method)
at java.base/jdk.internal.reflect.NativeMethodAccessorImpl.invoke(NativeMethodAccessorImpl.java:62)
at java.base/jdk.internal.reflect.DelegatingMethodAccessorImpl.invoke(DelegatingMethodAccessorImpl.java:43)
at java.base/java.lang.reflect.Method.invoke(Method.java:564)
at org.testng.internal.MethodInvocationHelper.invokeMethod(MethodInvocationHelper.java:134)
at org.testng.internal.TestInvoker.invokeMethod(TestInvoker.java:597)
at org.testng.internal.TestInvoker.invokeTestMethod(TestInvoker.java:173)
at org.testng.internal.MethodRunner.runInSequence(MethodRunner.java:46)
at org.testng.internal.TestInvoker$MethodInvocationAgent.invoke(TestInvoker.java:816)
at org.testng.internal.TestInvoker.invokeTestMethods(TestInvoker.java:146)
at org.testng.internal.TestMethodWorker.invokeTestMethods(TestMethodWorker.java:146)
at org.testng.internal.TestMethodWorker.run(TestMethodWorker.java:128)
at java.base/java.util.ArrayList.forEach(ArrayList.java:1510)
at org.testng.TestRunner.privateRun(TestRunner.java:766)
at org.testng.TestRunner.run(TestRunner.java:587)
at org.testng.SuiteRunner.runTest(SuiteRunner.java:384)
at org.testng.SuiteRunner.runSequentially(SuiteRunner.java:378)
at org.testng.SuiteRunner.privateRun(SuiteRunner.java:337)
at org.testng.SuiteRunner.run(SuiteRunner.java:286)
at org.testng.SuiteRunnerWorker.runSuite(SuiteRunnerWorker.java:53)
at org.testng.SuiteRunnerWorker.run(SuiteRunnerWorker.java:96)
at org.testng.TestNG.runSuitesSequentially(TestNG.java:1187)
at org.testng.TestNG.runSuitesLocally(TestNG.java:1109)
at org.testng.TestNG.runSuites(TestNG.java:1039)
at org.testng.TestNG.run(TestNG.java:1007)
at org.testng.remote.AbstractRemoteTestNG.run(AbstractRemoteTestNG.java:115)
at org.testng.remote.RemoteTestNG.initAndRun(RemoteTestNG.java:251)
at org.testng.remote.RemoteTestNG.main(RemoteTestNG.java:77)
]]>
            </full-stacktrace>
          </exception> <!-- java.lang.AssertionError -->
          <reporter-output>
          </reporter-output>
        </test-method> <!-- registration -->
        <test-method is-config="true" signature="logout()[pri:0, instance:tests.RegisterTest@63a65a25]" started-at="2020-07-29T11:45:36 EET" name="logout" finished-at="2020-07-29T11:45:40 EET" duration-ms="3109" status="PASS">
          <reporter-output>
          </reporter-output>
        </test-method> <!-- logout -->
        <test-method is-config="true" signature="screenshootOnFailure(org.testng.ITestResult)[pri:0, instance:tests.RegisterTest@63a65a25]" started-at="2020-07-29T11:45:40 EET" name="screenshootOnFailure" finished-at="2020-07-29T11:45:40 EET" duration-ms="386" status="PASS">
          <params>
            <param index="0">
              <value>
                <![CDATA[[TestResult name=registration status=FAILURE method=RegisterTest.registration(java.lang.String, java.lang.String, java.lang.String, java.lang.String, java.lang.String, java.lang.String, java.lang.String)[pri:0, instance:tests.RegisterTest@63a65a25] output={null}]]]>
              </value>
            </param>
          </params>
          <reporter-output>
          </reporter-output>
        </test-method> <!-- screenshootOnFailure -->
        <test-method is-config="true" signature="navigateToURL()[pri:0, instance:tests.RegisterTest@63a65a25]" started-at="2020-07-29T11:45:40 EET" name="navigateToURL" finished-at="2020-07-29T11:45:42 EET" duration-ms="1607" status="PASS">
          <reporter-output>
          </reporter-output>
        </test-method> <!-- navigateToURL -->
        <test-method signature="registration(java.lang.String, java.lang.String, java.lang.String, java.lang.String, java.lang.String, java.lang.String, java.lang.String)[pri:0, instance:tests.RegisterTest@63a65a25]" started-at="2020-07-29T11:45:42 EET" name="registration" data-provider="excelData" finished-at="2020-07-29T11:45:45 EET" duration-ms="3382" status="FAIL">
          <params>
            <param index="0">
              <value>
                <![CDATA[Test]]>
              </value>
            </param>
            <param index="1">
              <value>
                <![CDATA[User]]>
              </value>
            </param>
            <param index="2">
              <value>
                <![CDATA[1234567.0]]>
              </value>
            </param>
            <param index="3">
              <value>
                <![CDATA[user506@test.com]]>
              </value>
            </param>
            <param index="4">
              <value>
                <![CDATA[abcdefeh]]>
              </value>
            </param>
            <param index="5">
              <value>
                <![CDATA[abcdefeh]]>
              </value>
            </param>
            <param index="6">
              <value>
                <![CDATA[fail]]>
              </value>
            </param>
          </params>
          <exception class="java.lang.AssertionError">
            <message>
              <![CDATA[expected [https://www.phptravels.net/register] but found [https://www.phptravels.net/account/]]]>
            </message>
            <full-stacktrace>
              <![CDATA[java.lang.AssertionError: expected [https://www.phptravels.net/register] but found [https://www.phptravels.net/account/]
at org.testng.Assert.fail(Assert.java:97)
at org.testng.Assert.assertEqualsImpl(Assert.java:136)
at org.testng.Assert.assertEquals(Assert.java:118)
at org.testng.Assert.assertEquals(Assert.java:575)
at org.testng.Assert.assertEquals(Assert.java:585)
at tests.RegisterTest.registration(RegisterTest.java:74)
at java.base/jdk.internal.reflect.NativeMethodAccessorImpl.invoke0(Native Method)
at java.base/jdk.internal.reflect.NativeMethodAccessorImpl.invoke(NativeMethodAccessorImpl.java:62)
at java.base/jdk.internal.reflect.DelegatingMethodAccessorImpl.invoke(DelegatingMethodAccessorImpl.java:43)
at java.base/java.lang.reflect.Method.invoke(Method.java:564)
at org.testng.internal.MethodInvocationHelper.invokeMethod(MethodInvocationHelper.java:134)
at org.testng.internal.TestInvoker.invokeMethod(TestInvoker.java:597)
at org.testng.internal.TestInvoker.invokeTestMethod(TestInvoker.java:173)
at org.testng.internal.MethodRunner.runInSequence(MethodRunner.java:46)
at org.testng.internal.TestInvoker$MethodInvocationAgent.invoke(TestInvoker.java:816)
at org.testng.internal.TestInvoker.invokeTestMethods(TestInvoker.java:146)
at org.testng.internal.TestMethodWorker.invokeTestMethods(TestMethodWorker.java:146)
at org.testng.internal.TestMethodWorker.run(TestMethodWorker.java:128)
at java.base/java.util.ArrayList.forEach(ArrayList.java:1510)
at org.testng.TestRunner.privateRun(TestRunner.java:766)
at org.testng.TestRunner.run(TestRunner.java:587)
at org.testng.SuiteRunner.runTest(SuiteRunner.java:384)
at org.testng.SuiteRunner.runSequentially(SuiteRunner.java:378)
at org.testng.SuiteRunner.privateRun(SuiteRunner.java:337)
at org.testng.SuiteRunner.run(SuiteRunner.java:286)
at org.testng.SuiteRunnerWorker.runSuite(SuiteRunnerWorker.java:53)
at org.testng.SuiteRunnerWorker.run(SuiteRunnerWorker.java:96)
at org.testng.TestNG.runSuitesSequentially(TestNG.java:1187)
at org.testng.TestNG.runSuitesLocally(TestNG.java:1109)
at org.testng.TestNG.runSuites(TestNG.java:1039)
at org.testng.TestNG.run(TestNG.java:1007)
at org.testng.remote.AbstractRemoteTestNG.run(AbstractRemoteTestNG.java:115)
at org.testng.remote.RemoteTestNG.initAndRun(RemoteTestNG.java:251)
at org.testng.remote.RemoteTestNG.main(RemoteTestNG.java:77)
]]>
            </full-stacktrace>
          </exception> <!-- java.lang.AssertionError -->
          <reporter-output>
          </reporter-output>
        </test-method> <!-- registration -->
        <test-method is-config="true" signature="logout()[pri:0, instance:tests.RegisterTest@63a65a25]" started-at="2020-07-29T11:45:45 EET" name="logout" finished-at="2020-07-29T11:45:47 EET" duration-ms="2469" status="PASS">
          <reporter-output>
          </reporter-output>
        </test-method> <!-- logout -->
        <test-method is-config="true" signature="screenshootOnFailure(org.testng.ITestResult)[pri:0, instance:tests.RegisterTest@63a65a25]" started-at="2020-07-29T11:45:47 EET" name="screenshootOnFailure" finished-at="2020-07-29T11:45:48 EET" duration-ms="337" status="PASS">
          <params>
            <param index="0">
              <value>
                <![CDATA[[TestResult name=registration status=FAILURE method=RegisterTest.registration(java.lang.String, java.lang.String, java.lang.String, java.lang.String, java.lang.String, java.lang.String, java.lang.String)[pri:0, instance:tests.RegisterTest@63a65a25] output={null}]]]>
              </value>
            </param>
          </params>
          <reporter-output>
          </reporter-output>
        </test-method> <!-- screenshootOnFailure -->
        <test-method is-config="true" signature="navigateToURL()[pri:0, instance:tests.RegisterTest@63a65a25]" started-at="2020-07-29T11:45:48 EET" name="navigateToURL" finished-at="2020-07-29T11:45:50 EET" duration-ms="1805" status="PASS">
          <reporter-output>
          </reporter-output>
        </test-method> <!-- navigateToURL -->
        <test-method signature="registration(java.lang.String, java.lang.String, java.lang.String, java.lang.String, java.lang.String, java.lang.String, java.lang.String)[pri:0, instance:tests.RegisterTest@63a65a25]" started-at="2020-07-29T11:45:50 EET" name="registration" data-provider="excelData" finished-at="2020-07-29T11:45:53 EET" duration-ms="3700" status="FAIL">
          <params>
            <param index="0">
              <value>
                <![CDATA[Test]]>
              </value>
            </param>
            <param index="1">
              <value>
                <![CDATA[User]]>
              </value>
            </param>
            <param index="2">
              <value>
                <![CDATA[1234567.0]]>
              </value>
            </param>
            <param index="3">
              <value>
                <![CDATA[user507@test.com]]>
              </value>
            </param>
            <param index="4">
              <value>
                <![CDATA[Abcdef]]>
              </value>
            </param>
            <param index="5">
              <value>
                <![CDATA[Abcdef]]>
              </value>
            </param>
            <param index="6">
              <value>
                <![CDATA[fail]]>
              </value>
            </param>
          </params>
          <exception class="java.lang.AssertionError">
            <message>
              <![CDATA[expected [https://www.phptravels.net/register] but found [https://www.phptravels.net/account/]]]>
            </message>
            <full-stacktrace>
              <![CDATA[java.lang.AssertionError: expected [https://www.phptravels.net/register] but found [https://www.phptravels.net/account/]
at org.testng.Assert.fail(Assert.java:97)
at org.testng.Assert.assertEqualsImpl(Assert.java:136)
at org.testng.Assert.assertEquals(Assert.java:118)
at org.testng.Assert.assertEquals(Assert.java:575)
at org.testng.Assert.assertEquals(Assert.java:585)
at tests.RegisterTest.registration(RegisterTest.java:74)
at java.base/jdk.internal.reflect.NativeMethodAccessorImpl.invoke0(Native Method)
at java.base/jdk.internal.reflect.NativeMethodAccessorImpl.invoke(NativeMethodAccessorImpl.java:62)
at java.base/jdk.internal.reflect.DelegatingMethodAccessorImpl.invoke(DelegatingMethodAccessorImpl.java:43)
at java.base/java.lang.reflect.Method.invoke(Method.java:564)
at org.testng.internal.MethodInvocationHelper.invokeMethod(MethodInvocationHelper.java:134)
at org.testng.internal.TestInvoker.invokeMethod(TestInvoker.java:597)
at org.testng.internal.TestInvoker.invokeTestMethod(TestInvoker.java:173)
at org.testng.internal.MethodRunner.runInSequence(MethodRunner.java:46)
at org.testng.internal.TestInvoker$MethodInvocationAgent.invoke(TestInvoker.java:816)
at org.testng.internal.TestInvoker.invokeTestMethods(TestInvoker.java:146)
at org.testng.internal.TestMethodWorker.invokeTestMethods(TestMethodWorker.java:146)
at org.testng.internal.TestMethodWorker.run(TestMethodWorker.java:128)
at java.base/java.util.ArrayList.forEach(ArrayList.java:1510)
at org.testng.TestRunner.privateRun(TestRunner.java:766)
at org.testng.TestRunner.run(TestRunner.java:587)
at org.testng.SuiteRunner.runTest(SuiteRunner.java:384)
at org.testng.SuiteRunner.runSequentially(SuiteRunner.java:378)
at org.testng.SuiteRunner.privateRun(SuiteRunner.java:337)
at org.testng.SuiteRunner.run(SuiteRunner.java:286)
at org.testng.SuiteRunnerWorker.runSuite(SuiteRunnerWorker.java:53)
at org.testng.SuiteRunnerWorker.run(SuiteRunnerWorker.java:96)
at org.testng.TestNG.runSuitesSequentially(TestNG.java:1187)
at org.testng.TestNG.runSuitesLocally(TestNG.java:1109)
at org.testng.TestNG.runSuites(TestNG.java:1039)
at org.testng.TestNG.run(TestNG.java:1007)
at org.testng.remote.AbstractRemoteTestNG.run(AbstractRemoteTestNG.java:115)
at org.testng.remote.RemoteTestNG.initAndRun(RemoteTestNG.java:251)
at org.testng.remote.RemoteTestNG.main(RemoteTestNG.java:77)
]]>
            </full-stacktrace>
          </exception> <!-- java.lang.AssertionError -->
          <reporter-output>
          </reporter-output>
        </test-method> <!-- registration -->
        <test-method is-config="true" signature="logout()[pri:0, instance:tests.RegisterTest@63a65a25]" started-at="2020-07-29T11:45:53 EET" name="logout" finished-at="2020-07-29T11:45:56 EET" duration-ms="2383" status="PASS">
          <reporter-output>
          </reporter-output>
        </test-method> <!-- logout -->
        <test-method is-config="true" signature="screenshootOnFailure(org.testng.ITestResult)[pri:0, instance:tests.RegisterTest@63a65a25]" started-at="2020-07-29T11:45:56 EET" name="screenshootOnFailure" finished-at="2020-07-29T11:45:56 EET" duration-ms="474" status="PASS">
          <params>
            <param index="0">
              <value>
                <![CDATA[[TestResult name=registration status=FAILURE method=RegisterTest.registration(java.lang.String, java.lang.String, java.lang.String, java.lang.String, java.lang.String, java.lang.String, java.lang.String)[pri:0, instance:tests.RegisterTest@63a65a25] output={null}]]]>
              </value>
            </param>
          </params>
          <reporter-output>
          </reporter-output>
        </test-method> <!-- screenshootOnFailure -->
        <test-method is-config="true" signature="navigateToURL()[pri:0, instance:tests.RegisterTest@63a65a25]" started-at="2020-07-29T11:45:56 EET" name="navigateToURL" finished-at="2020-07-29T11:45:58 EET" duration-ms="1701" status="PASS">
          <reporter-output>
          </reporter-output>
        </test-method> <!-- navigateToURL -->
        <test-method signature="registration(java.lang.String, java.lang.String, java.lang.String, java.lang.String, java.lang.String, java.lang.String, java.lang.String)[pri:0, instance:tests.RegisterTest@63a65a25]" started-at="2020-07-29T11:45:58 EET" name="registration" data-provider="excelData" finished-at="2020-07-29T11:46:09 EET" duration-ms="11468" status="PASS">
          <params>
            <param index="0">
              <value>
                <![CDATA[Test]]>
              </value>
            </param>
            <param index="1">
              <value>
                <![CDATA[User]]>
              </value>
            </param>
            <param index="2">
              <value>
                <![CDATA[1234567.0]]>
              </value>
            </param>
            <param index="3">
              <value>
                <![CDATA[user508@test.com]]>
              </value>
            </param>
            <param index="4">
              <value>
                <![CDATA[Abc]]>
              </value>
            </param>
            <param index="5">
              <value>
                <![CDATA[Abc]]>
              </value>
            </param>
            <param index="6">
              <value>
                <![CDATA[fail]]>
              </value>
            </param>
          </params>
          <reporter-output>
          </reporter-output>
        </test-method> <!-- registration -->
        <test-method is-config="true" signature="logout()[pri:0, instance:tests.RegisterTest@63a65a25]" started-at="2020-07-29T11:46:09 EET" name="logout" finished-at="2020-07-29T11:46:13 EET" duration-ms="3744" status="PASS">
          <reporter-output>
          </reporter-output>
        </test-method> <!-- logout -->
        <test-method is-config="true" signature="screenshootOnFailure(org.testng.ITestResult)[pri:0, instance:tests.RegisterTest@63a65a25]" started-at="2020-07-29T11:46:13 EET" name="screenshootOnFailure" finished-at="2020-07-29T11:46:13 EET" duration-ms="0" status="PASS">
          <params>
            <param index="0">
              <value>
                <![CDATA[[TestResult name=registration status=SUCCESS method=RegisterTest.registration(java.lang.String, java.lang.String, java.lang.String, java.lang.String, java.lang.String, java.lang.String, java.lang.String)[pri:0, instance:tests.RegisterTest@63a65a25] output={null}]]]>
              </value>
            </param>
          </params>
          <reporter-output>
          </reporter-output>
        </test-method> <!-- screenshootOnFailure -->
        <test-method is-config="true" signature="navigateToURL()[pri:0, instance:tests.RegisterTest@63a65a25]" started-at="2020-07-29T11:46:13 EET" name="navigateToURL" finished-at="2020-07-29T11:46:15 EET" duration-ms="1909" status="PASS">
          <reporter-output>
          </reporter-output>
        </test-method> <!-- navigateToURL -->
        <test-method signature="registration(java.lang.String, java.lang.String, java.lang.String, java.lang.String, java.lang.String, java.lang.String, java.lang.String)[pri:0, instance:tests.RegisterTest@63a65a25]" started-at="2020-07-29T11:46:15 EET" name="registration" data-provider="excelData" finished-at="2020-07-29T11:46:27 EET" duration-ms="11633" status="PASS">
          <params>
            <param index="0">
              <value>
                <![CDATA[Test]]>
              </value>
            </param>
            <param index="1">
              <value>
                <![CDATA[User]]>
              </value>
            </param>
            <param index="2">
              <value>
                <![CDATA[1234567.0]]>
              </value>
            </param>
            <param index="3">
              <value>
                <![CDATA[user509@test.com]]>
              </value>
            </param>
            <param index="4">
              <value>
                <![CDATA[Abcdefgh]]>
              </value>
            </param>
            <param index="5">
              <value>
                <![CDATA[AbcdefgA]]>
              </value>
            </param>
            <param index="6">
              <value>
                <![CDATA[fail]]>
              </value>
            </param>
          </params>
          <reporter-output>
          </reporter-output>
        </test-method> <!-- registration -->
        <test-method is-config="true" signature="logout()[pri:0, instance:tests.RegisterTest@63a65a25]" started-at="2020-07-29T11:46:27 EET" name="logout" finished-at="2020-07-29T11:46:29 EET" duration-ms="2358" status="PASS">
          <reporter-output>
          </reporter-output>
        </test-method> <!-- logout -->
        <test-method is-config="true" signature="screenshootOnFailure(org.testng.ITestResult)[pri:0, instance:tests.RegisterTest@63a65a25]" started-at="2020-07-29T11:46:29 EET" name="screenshootOnFailure" finished-at="2020-07-29T11:46:29 EET" duration-ms="1" status="PASS">
          <params>
            <param index="0">
              <value>
                <![CDATA[[TestResult name=registration status=SUCCESS method=RegisterTest.registration(java.lang.String, java.lang.String, java.lang.String, java.lang.String, java.lang.String, java.lang.String, java.lang.String)[pri:0, instance:tests.RegisterTest@63a65a25] output={null}]]]>
              </value>
            </param>
          </params>
          <reporter-output>
          </reporter-output>
        </test-method> <!-- screenshootOnFailure -->
        <test-method is-config="true" signature="stopDriver()[pri:0, instance:tests.RegisterTest@63a65a25]" started-at="2020-07-29T11:46:29 EET" name="stopDriver" finished-at="2020-07-29T11:46:30 EET" duration-ms="824" status="PASS">
          <reporter-output>
          </reporter-output>
        </test-method> <!-- stopDriver -->
      </class> <!-- tests.RegisterTest -->
    </test> <!-- Default test -->
  </suite> <!-- Default suite -->
</testng-results>
